<?xml version="1.0" encoding="UTF-8"?>
<testsuite name="mainTest" time="316.511" tests="1" errors="1" skipped="0" failures="0">
  <properties>
    <property name="java.runtime.name" value="Java(TM) SE Runtime Environment"/>
    <property name="sun.boot.library.path" value="C:\Program Files\Java\jdk1.7.0_21\jre\bin"/>
    <property name="java.vm.version" value="23.21-b01"/>
    <property name="java.vm.vendor" value="Oracle Corporation"/>
    <property name="java.vendor.url" value="http://java.oracle.com/"/>
    <property name="path.separator" value=";"/>
    <property name="guice.disable.misplaced.annotation.check" value="true"/>
    <property name="java.vm.name" value="Java HotSpot(TM) 64-Bit Server VM"/>
    <property name="file.encoding.pkg" value="sun.io"/>
    <property name="user.script" value=""/>
    <property name="batch" value="carltonlabels"/>
    <property name="user.country" value="GB"/>
    <property name="sun.java.launcher" value="SUN_STANDARD"/>
    <property name="sun.os.patch.level" value="Service Pack 1"/>
    <property name="java.vm.specification.name" value="Java Virtual Machine Specification"/>
    <property name="user.dir" value="C:\Users\dprado\workspace\selqlmaven"/>
    <property name="java.runtime.version" value="1.7.0_21-b11"/>
    <property name="java.awt.graphicsenv" value="sun.awt.Win32GraphicsEnvironment"/>
    <property name="java.endorsed.dirs" value="C:\Program Files\Java\jdk1.7.0_21\jre\lib\endorsed"/>
    <property name="os.arch" value="amd64"/>
    <property name="java.io.tmpdir" value="C:\Users\dprado\AppData\Local\Temp\"/>
    <property name="line.separator" value="&#10;"/>
    <property name="java.vm.specification.vendor" value="Oracle Corporation"/>
    <property name="user.variant" value=""/>
    <property name="os.name" value="Windows 7"/>
    <property name="classworlds.conf" value="C:\Program Files (x86)\apache-maven-3.1.0\bin\..\bin\m2.conf"/>
    <property name="sun.jnu.encoding" value="Cp1252"/>
    <property name="java.library.path" value="C:\Program Files\Java\jdk1.7.0_21\bin;C:\Windows\Sun\Java\bin;C:\Windows\system32;C:\Windows;C:\windows\system32;C:\Program Files\Java\jdk1.7.0_21\bin;C:\Users\dprado\Downloads\apache-ant-1.9.1-bin\apache-ant-1.9.1\bin;C:\Program Files (x86)\Git\cmd;C:\Program Files (x86)\apache-maven-3.1.0\bin;C:\MySQL Utilities\;c:\Program Files (x86)\Microsoft SQL Server\100\Tools\Binn\;c:\Program Files (x86)\Microsoft SQL Server\100\DTS\Binn\;C:\automdrivers;."/>
    <property name="browser3" value="ie"/>
    <property name="browser2" value="chrome"/>
    <property name="java.specification.name" value="Java Platform API Specification"/>
    <property name="java.class.version" value="51.0"/>
    <property name="sun.management.compiler" value="HotSpot 64-Bit Tiered Compilers"/>
    <property name="os.version" value="6.1"/>
    <property name="user.home" value="C:\Users\dprado"/>
    <property name="user.timezone" value="Europe/Paris"/>
    <property name="java.awt.printerjob" value="sun.awt.windows.WPrinterJob"/>
    <property name="java.specification.version" value="1.7"/>
    <property name="file.encoding" value="Cp1252"/>
    <property name="user.name" value="dprado"/>
    <property name="java.class.path" value="C:\Program Files (x86)\apache-maven-3.1.0\bin\..\boot\plexus-classworlds-2.4.2.jar"/>
    <property name="org.slf4j.simpleLogger.defaultLogLevel" value="info"/>
    <property name="java.vm.specification.version" value="1.7"/>
    <property name="sun.arch.data.model" value="64"/>
    <property name="java.home" value="C:\Program Files\Java\jdk1.7.0_21\jre"/>
    <property name="sun.java.command" value="org.codehaus.plexus.classworlds.launcher.Launcher clean test -Dbatch=carltonlabels -Dbrowser2=chrome -Dbrowser3=ie"/>
    <property name="java.specification.vendor" value="Oracle Corporation"/>
    <property name="user.language" value="en"/>
    <property name="awt.toolkit" value="sun.awt.windows.WToolkit"/>
    <property name="java.vm.info" value="mixed mode"/>
    <property name="java.version" value="1.7.0_21"/>
    <property name="java.ext.dirs" value="C:\Program Files\Java\jdk1.7.0_21\jre\lib\ext;C:\Windows\Sun\Java\lib\ext"/>
    <property name="sun.boot.class.path" value="C:\Program Files\Java\jdk1.7.0_21\jre\lib\resources.jar;C:\Program Files\Java\jdk1.7.0_21\jre\lib\rt.jar;C:\Program Files\Java\jdk1.7.0_21\jre\lib\sunrsasign.jar;C:\Program Files\Java\jdk1.7.0_21\jre\lib\jsse.jar;C:\Program Files\Java\jdk1.7.0_21\jre\lib\jce.jar;C:\Program Files\Java\jdk1.7.0_21\jre\lib\charsets.jar;C:\Program Files\Java\jdk1.7.0_21\jre\lib\jfr.jar;C:\Program Files\Java\jdk1.7.0_21\jre\classes"/>
    <property name="java.vendor" value="Oracle Corporation"/>
    <property name="maven.home" value="C:\Program Files (x86)\apache-maven-3.1.0\bin\.."/>
    <property name="file.separator" value="\"/>
    <property name="java.vendor.url.bug" value="http://bugreport.sun.com/bugreport/"/>
    <property name="sun.cpu.endian" value="little"/>
    <property name="sun.io.unicode.encoding" value="UnicodeLittle"/>
    <property name="sun.desktop" value="windows"/>
    <property name="sun.cpu.isalist" value="amd64"/>
  </properties>
  <testcase name="main" classname="mainTest" time="316.511">
    <error message="Error communicating with the remote browser. It may have died.&#10;Build info: version: &apos;2.35.0&apos;, revision: &apos;8df0c6bedf70ff9f22c647788f9fe9c8d22210e2&apos;, time: &apos;2013-08-17 12:46:41&apos;&#10;System info: os.name: &apos;Windows 7&apos;, os.arch: &apos;amd64&apos;, os.version: &apos;6.1&apos;, java.version: &apos;1.7.0_21&apos;&#10;Driver info: driver.version: RemoteWebDriver" type="org.openqa.selenium.remote.UnreachableBrowserException">org.openqa.selenium.remote.UnreachableBrowserException: Error communicating with the remote browser. It may have died.
Build info: version: '2.35.0', revision: '8df0c6bedf70ff9f22c647788f9fe9c8d22210e2', time: '2013-08-17 12:46:41'
System info: os.name: 'Windows 7', os.arch: 'amd64', os.version: '6.1', java.version: '1.7.0_21'
Driver info: driver.version: RemoteWebDriver
	at java.net.DualStackPlainSocketImpl.waitForConnect(Native Method)
	at java.net.DualStackPlainSocketImpl.socketConnect(DualStackPlainSocketImpl.java:75)
	at java.net.AbstractPlainSocketImpl.doConnect(AbstractPlainSocketImpl.java:339)
	at java.net.AbstractPlainSocketImpl.connectToAddress(AbstractPlainSocketImpl.java:200)
	at java.net.AbstractPlainSocketImpl.connect(AbstractPlainSocketImpl.java:182)
	at java.net.PlainSocketImpl.connect(PlainSocketImpl.java:157)
	at java.net.SocksSocketImpl.connect(SocksSocketImpl.java:391)
	at java.net.Socket.connect(Socket.java:579)
	at org.apache.http.conn.scheme.PlainSocketFactory.connectSocket(PlainSocketFactory.java:127)
	at org.apache.http.impl.conn.DefaultClientConnectionOperator.openConnection(DefaultClientConnectionOperator.java:180)
	at org.apache.http.impl.conn.AbstractPoolEntry.open(AbstractPoolEntry.java:151)
	at org.apache.http.impl.conn.AbstractPooledConnAdapter.open(AbstractPooledConnAdapter.java:125)
	at org.apache.http.impl.client.DefaultRequestDirector.tryConnect(DefaultRequestDirector.java:640)
	at org.apache.http.impl.client.DefaultRequestDirector.execute(DefaultRequestDirector.java:479)
	at org.apache.http.impl.client.AbstractHttpClient.execute(AbstractHttpClient.java:906)
	at org.openqa.selenium.remote.HttpCommandExecutor.fallBackExecute(HttpCommandExecutor.java:319)
	at org.openqa.selenium.remote.HttpCommandExecutor.execute(HttpCommandExecutor.java:298)
	at org.openqa.selenium.remote.service.DriverCommandExecutor.execute(DriverCommandExecutor.java:66)
	at org.openqa.selenium.remote.RemoteWebDriver.execute(RemoteWebDriver.java:527)
	at org.openqa.selenium.remote.RemoteWebDriver.execute(RemoteWebDriver.java:569)
	at org.openqa.selenium.remote.RemoteWebDriver.quit(RemoteWebDriver.java:423)
	at tests2.test(tests2.java:4660)
	at tests2.setUp(tests2.java:4650)
	at mainTest.main(mainTest.java:118)
</error>
    <system-out>-----------------------------------
Automation Application Rev 0.021
-----------------------------------
Now Acquiring Batch from Database
Batch successfully Adquired====&gt;carltonlabels
-----------------------------------
Acquiring Data from Batch
-----------------------------------
Data Successfully Adquired
-----------------------------------
Opening Site To Test
-----------------------------------
Acquiring Site Language
-----------------------------------
Site Language==english
-----------------------------------
Acquiring tests from batch
-----------------------------------
-----------------------------------
IBN L1 Registration Test
-----------------------------------
Looking for Registration Link
-----------------------------------
[qa='register']
Registration Link Successfully Finded
https://testgaming.st-minver.com/carlton/bingo/registration/registration_step1.thtml
-----------------------------------
Continue
L1 Step1 Completed
-----------------------------------
L1 Step2 Completed
-----------------------------------
USER=mrt382707711----E-Mail=QAautomation382707711@gtech.com-------Level=1-------Succesfully Registered
-----------------------------------
-----------------------------------
Starting IBN L2 Test
-----------------------------------
Acquiring IBN L2 Commom data
-----------------------------------
IBN L2 Commom data adquired
-----------------------------------
-----------------------------------
L2 Step1 Completed
-----------------------------------
ibnL1labels
l1test
visalabels
l2paycheck
[qa='visadeposit']
looking icon
looking button
In payment page
Payment Method ==visa== Present
-----------------------------------
User Name ==mrt382707711== Present
Payment Name ==visa== Present
-----------------------------------
Checking ====&gt;visa&lt;===== communication
-----------------------------------
visa Communication Finished
-----------------------------------
looking for correct change card url
1
ok
paypallabels
l2paycheck
[qa='paypaldeposit']
looking icon
looking button
In payment page
Payment Method ==paypal== Present
-----------------------------------
User Name ==mrt382707711== Present
Payment Name ==paypal== Present
-----------------------------------
Checking ====&gt;paypal&lt;===== communication
-----------------------------------
PayPal Communnication Confirmed
-----------------------------------
paypal Communication Finished
-----------------------------------
looking for correct change card url
1
ok
-----------------------------------
IBN L2 Step 2 Completed
-----------------------------------
-----------------------------------
-----------------------------------
Automation Application Rev 0.021
-----------------------------------
Now Acquiring Batch from Database
Batch successfully Adquired====&gt;carltonlabels
-----------------------------------
Acquiring Data from Batch
-----------------------------------
Data Successfully Adquired
-----------------------------------
Opening Site To Test
-----------------------------------
Acquiring Site Language
-----------------------------------
Site Language==english
-----------------------------------
Acquiring tests from batch
-----------------------------------
-----------------------------------
IBN L1 Registration Test
-----------------------------------
Looking for Registration Link
-----------------------------------
[qa='register']
Registration Link Successfully Finded
https://testgaming.st-minver.com/carlton/bingo/registration/registration_step1.thtml
-----------------------------------
Continue
L1 Step1 Completed
-----------------------------------
L1 Step2 Completed
-----------------------------------
USER=mrt382707875----E-Mail=QAautomation382707875@gtech.com-------Level=1-------Succesfully Registered
-----------------------------------
-----------------------------------
Starting IBN L2 Test
-----------------------------------
Acquiring IBN L2 Commom data
-----------------------------------
IBN L2 Commom data adquired
-----------------------------------
-----------------------------------
L2 Step1 Completed
-----------------------------------
ibnL1labels
l1test
visalabels
l2paycheck
[qa='visadeposit']
looking icon
looking button
In payment page
Payment Method ==visa== Present
-----------------------------------
User Name ==mrt382707875== Present
Payment Name ==visa== Present
-----------------------------------
Checking ====&gt;visa&lt;===== communication
-----------------------------------
visa Communication Finished
-----------------------------------
looking for correct change card url
1
ok
paypallabels
l2paycheck
[qa='paypaldeposit']
looking icon
looking button
In payment page
Payment Method ==paypal== Present
-----------------------------------
User Name ==mrt382707875== Present
Payment Name ==paypal== Present
-----------------------------------
Checking ====&gt;paypal&lt;===== communication
-----------------------------------
PayPal Communnication Confirmed
-----------------------------------
paypal Communication Finished
-----------------------------------
Still not
ok
-----------------------------------
IBN L2 Step 2 Completed
-----------------------------------
-----------------------------------
Generating Reports
-----------------------------------
Generating Reports
-----------------------------------
Generating Reports
-----------------------------------
--------------------------------------
  Starting 2nd Iteration on failure
--------------------------------------
-----------------------------------
Automation Application Rev 0.021
-----------------------------------
Now Acquiring Batch from Database
Batch successfully Adquired====&gt;carltonlabels
-----------------------------------
Acquiring Data from Batch
-----------------------------------
Data Successfully Adquired
-----------------------------------
Opening Site To Test
-----------------------------------
Acquiring Site Language
-----------------------------------
Site Language==english
-----------------------------------
Acquiring tests from batch
-----------------------------------
-----------------------------------
IBN L1 Registration Test
-----------------------------------
Looking for Registration Link
-----------------------------------
[qa='register']
Registration Link Successfully Finded
-----------------------------------
Generating Reports
-----------------------------------
All Tests Finished, please refer to email to see the report
-----------------------------------
</system-out>
    <system-err>Starting ChromeDriver (v2.4.226107) on port 16996
Started InternetExplorerDriver server (64-bit)
2.35.1.0
Listening on port 44122
Oct 25, 2013 3:33:29 PM org.apache.http.impl.client.DefaultRequestDirector tryExecute
INFO: I/O exception (java.net.SocketException) caught when processing request: Software caused connection abort: recv failed
Oct 25, 2013 3:33:29 PM org.apache.http.impl.client.DefaultRequestDirector tryExecute
INFO: Retrying request
</system-err>
  </testcase>
</testsuite>